<?xml version="1.0" encoding="UTF-8"?>
<!-- Generated by org.testng.reporters.JUnitReportReporter -->
<testsuite hostname="Desktop-Monitor-2nd-Floor-Room3" failures="0" tests="3" name="basics.UsageOfDataProvider" time="14.461" errors="0" timestamp="2024-03-15T09:13:16 IST" skipped="0">
  <testcase classname="basics.UsageOfDataProvider" name="execute" time="4.196"/>
  <testcase classname="basics.UsageOfDataProvider" name="execute" time="6.361"/>
  <testcase classname="basics.UsageOfDataProvider" name="execute" time="3.904"/>
</testsuite> <!-- basics.UsageOfDataProvider -->
