<?xml version="1.0" encoding="UTF-8"?>
<!-- Generated by org.testng.reporters.JUnitReportReporter -->
<testsuite hostname="Desktop-Monitor-2nd-Floor-Room3" failures="0" tests="3" name="demo.DemoTestng" time="0.027" errors="0" timestamp="2024-03-01T08:42:29 IST" skipped="0">
  <testcase classname="demo.DemoTestng" name="demoA" time="0.015"/>
  <testcase classname="demo.DemoTestng" name="demoB" time="0.002">
    <system-out>
      <![CDATA[Hi World]]>
    </system-out>
  </testcase> <!-- demoB -->
  <testcase classname="demo.DemoTestng" name="demoC" time="0.010">
    <system-out>
      <![CDATA[Bye World]]>
    </system-out>
  </testcase> <!-- demoC -->
  <system-out>
    <![CDATA[Hi World
Bye World]]>
  </system-out>
</testsuite> <!-- demo.DemoTestng -->
