<?xml version="1.0" encoding="UTF-8"?>
<!-- Generated by org.testng.reporters.JUnitReportReporter -->
<testsuite hostname="Desktop-Monitor-2nd-Floor-Room3" failures="0" tests="2" name="assignments.Parameterization" time="10.945" errors="0" timestamp="2024-03-13T09:30:28 IST" skipped="0">
  <testcase classname="assignments.Parameterization" name="loginToActitime" time="5.409"/>
  <testcase classname="assignments.Parameterization" name="loginToActitime" time="5.536"/>
</testsuite> <!-- assignments.Parameterization -->
