<?xml version="1.0" encoding="UTF-8"?>
<!-- Generated by org.testng.reporters.JUnitReportReporter -->
<testsuite hostname="Desktop-Monitor-2nd-Floor-Room3" failures="0" tests="4" name="demo.Execution" time="0.032" errors="0" timestamp="2024-03-04T09:01:26 IST" skipped="0">
  <testcase classname="demo.Execution" name="deleteCustomer" time="0.007">
    <system-out>
      <![CDATA[deleteCustomer]]>
    </system-out>
  </testcase> <!-- deleteCustomer -->
  <testcase classname="demo.Execution" name="modifyCustomer" time="0.012">
    <system-out>
      <![CDATA[modifyCustomer]]>
    </system-out>
  </testcase> <!-- modifyCustomer -->
  <testcase classname="demo.Execution" name="createCustomer" time="0.007">
    <system-out>
      <![CDATA[createCustomer]]>
    </system-out>
  </testcase> <!-- createCustomer -->
  <testcase classname="demo.Execution" name="createCustomer" time="0.006">
    <system-out>
      <![CDATA[createCustomer]]>
    </system-out>
  </testcase> <!-- createCustomer -->
  <system-out>
    <![CDATA[openBrowser
login
modifyCustomer
logout
login
deleteCustomer
logout
login
createCustomer
logout
login
createCustomer
logout
closeBrowser]]>
  </system-out>
</testsuite> <!-- demo.Execution -->
