<?xml version="1.0" encoding="UTF-8"?>
<!-- Generated by org.testng.reporters.JUnitReportReporter -->
<testsuite hostname="Desktop-Monitor-2nd-Floor-Room3" failures="0" tests="3" name="basics.ExecutionClass" time="14.034" errors="0" timestamp="2024-03-15T09:15:39 IST" skipped="0">
  <testcase classname="basics.ExecutionClass" name="execute" time="4.702"/>
  <testcase classname="basics.ExecutionClass" name="execute" time="6.017"/>
  <testcase classname="basics.ExecutionClass" name="execute" time="3.315"/>
</testsuite> <!-- basics.ExecutionClass -->
